<?xml version="1.0" encoding="UTF-8"?>
<!-- Generated by org.testng.reporters.JUnitReportReporter -->
<testsuite hostname="Nonu" failures="0" tests="2" name="selnium.demo.project.NewTest" time="0.005" errors="0" timestamp="2024-03-09T16:23:21 IST" skipped="0">
  <testcase classname="selnium.demo.project.NewTest" name="f" time="0.004"/>
  <system-out/>
  <testcase classname="selnium.demo.project.NewTest" name="a" time="0.001"/>
  <system-out/>
</testsuite> <!-- selnium.demo.project.NewTest -->
